<?xml version="1.0" encoding="UTF-8"?>
<!-- Generated by org.testng.reporters.JUnitReportReporter -->
<testsuite hostname="IDCAMVERM01-WS" name="com.edifecs.breathe.qa.testcases.TestHealthRiskAssessment" tests="2" failures="0" timestamp="14 Apr 2016 17:01:21 GMT" time="0.169" errors="0">
  <testcase name="verifybuttonstatus" time="0.168" classname="com.edifecs.breathe.qa.testcases.TestHealthRiskAssessment"/>
  <testcase name="verifyQuestionTitle" time="0.001" classname="com.edifecs.breathe.qa.testcases.TestHealthRiskAssessment"/>
</testsuite> <!-- com.edifecs.breathe.qa.testcases.TestHealthRiskAssessment -->
