<?xml version="1.0" encoding="UTF-8"?>
<!-- Generated by org.testng.reporters.JUnitReportReporter -->
<testsuite hostname="IDCAMVERM01-WS" name="com.edifecs.breathe.qa.testcases.TestHealthRiskAssessment" tests="1" failures="0" timestamp="12 Apr 2016 15:24:12 GMT" time="0.000" errors="0">
  <testcase name="verifyQuestionTitle" time="0.000" classname="com.edifecs.breathe.qa.testcases.TestHealthRiskAssessment"/>
</testsuite> <!-- com.edifecs.breathe.qa.testcases.TestHealthRiskAssessment -->
