<?xml version="1.0" encoding="UTF-8"?>
<!-- Generated by org.testng.reporters.JUnitReportReporter -->
<testsuite hostname="IDCAMVERM01-WS" name="com.edifecs.breathe.qa.testcases.TestStartHealthRiskAssessment" tests="4" failures="0" timestamp="14 Apr 2016 17:37:38 GMT" time="0.000" errors="0">
  <testcase name="verifyQuestionTitle" time="0.000" classname="com.edifecs.breathe.qa.testcases.TestStartHealthRiskAssessment"/>
  <testcase name="verifyQuestionTitle" time="0.000" classname="com.edifecs.breathe.qa.testcases.TestStartHealthRiskAssessment"/>
  <testcase name="verifyQuestionTitle" time="0.000" classname="com.edifecs.breathe.qa.testcases.TestStartHealthRiskAssessment"/>
  <testcase name="verifyQuestionTitle" time="0.000" classname="com.edifecs.breathe.qa.testcases.TestStartHealthRiskAssessment"/>
</testsuite> <!-- com.edifecs.breathe.qa.testcases.TestStartHealthRiskAssessment -->
