<?xml version="1.0" encoding="UTF-8"?>
<!-- Generated by org.testng.reporters.JUnitReportReporter -->
<testsuite hostname="IDCAMVERM01-WS" name="com.edifecs.breathe.qa.testcases.TestHealthRiskAssessment" tests="1" failures="0" timestamp="13 Apr 2016 08:40:56 GMT" time="0.001" errors="0">
  <testcase name="verifyQuestionTitle" time="0.001" classname="com.edifecs.breathe.qa.testcases.TestHealthRiskAssessment"/>
</testsuite> <!-- com.edifecs.breathe.qa.testcases.TestHealthRiskAssessment -->
