<?xml version="1.0" encoding="UTF-8"?>
<!-- Generated by org.testng.reporters.JUnitReportReporter -->
<testsuite hostname="IDCAMVERM01-WS" name="com.edifecs.breathe.qa.testcases.TestHealthRiskAssessment" tests="2" failures="0" timestamp="15 Apr 2016 11:16:58 GMT" time="0.101" errors="0">
  <testcase name="verifyQuestionTitle" time="0.000" classname="com.edifecs.breathe.qa.testcases.TestHealthRiskAssessment"/>
  <testcase name="verifybuttonstatus" time="0.101" classname="com.edifecs.breathe.qa.testcases.TestHealthRiskAssessment"/>
</testsuite> <!-- com.edifecs.breathe.qa.testcases.TestHealthRiskAssessment -->
